2021-02-22 11:25:22-ERROR-DruIDSdk.Identity.checkAndUpdateClientToken-Error: ConnectFailure (The descriptor is not a socket)
2021-02-22 11:25:22-ERROR-DruIDSdk.Identity.checkAndUpdateClientToken-  at System.Net.WebConnection.Connect (System.Net.WebOperation operation, System.Threading.CancellationToken cancellationToken) [0x0025d] in /Users/builder/jenkins/workspace/build-package-osx-mono/2020-02/external/bockbuild/builds/mono-x64/mcs/class/System/System.Net/WebConnection.cs:202 
  at System.Net.WebConnection.InitConnection (System.Net.WebOperation operation, System.Threading.CancellationToken cancellationToken) [0x000cc] in /Users/builder/jenkins/workspace/build-package-osx-mono/2020-02/external/bockbuild/builds/mono-x64/mcs/class/System/System.Net/WebConnection.cs:273 
  at System.Net.WebOperation.Run () [0x00052] in /Users/builder/jenkins/workspace/build-package-osx-mono/2020-02/external/bockbuild/builds/mono-x64/mcs/class/System/System.Net/WebOperation.cs:268 
  at System.Net.WebCompletionSource`1[T].WaitForCompletion () [0x0008e] in /Users/builder/jenkins/workspace/build-package-osx-mono/2020-02/external/bockbuild/builds/mono-x64/mcs/class/System/System.Net/WebCompletionSource.cs:111 
  at DruIDSdk.OAuth.doGetClientToken (System.String endpoint_url) [0x001c3] in /Users/german/Development/Genetsis/DotNet/Sdk/druid-sdk-csharp/Code & Examples/DLL/DruIDSdk/DruIDSdk/OAuth.cs:768 
  at DruIDSdk.Identity.checkAndUpdateClientToken () [0x0003f] in /Users/german/Development/Genetsis/DotNet/Sdk/druid-sdk-csharp/Code & Examples/DLL/DruIDSdk/DruIDSdk/Identity.cs:137 
2021-02-22 11:25:22-ERROR-DruIDSdk.Identity.synchronizeSessionWithServer-Error: ConnectFailure (The descriptor is not a socket)
2021-02-22 11:25:22-ERROR-DruIDSdk.Identity.synchronizeSessionWithServer-  at System.Net.WebConnection.Connect (System.Net.WebOperation operation, System.Threading.CancellationToken cancellationToken) [0x0025d] in /Users/builder/jenkins/workspace/build-package-osx-mono/2020-02/external/bockbuild/builds/mono-x64/mcs/class/System/System.Net/WebConnection.cs:202 
  at System.Net.WebConnection.InitConnection (System.Net.WebOperation operation, System.Threading.CancellationToken cancellationToken) [0x000cc] in /Users/builder/jenkins/workspace/build-package-osx-mono/2020-02/external/bockbuild/builds/mono-x64/mcs/class/System/System.Net/WebConnection.cs:273 
  at System.Net.WebOperation.Run () [0x00052] in /Users/builder/jenkins/workspace/build-package-osx-mono/2020-02/external/bockbuild/builds/mono-x64/mcs/class/System/System.Net/WebOperation.cs:268 
  at System.Net.WebCompletionSource`1[T].WaitForCompletion () [0x0008e] in /Users/builder/jenkins/workspace/build-package-osx-mono/2020-02/external/bockbuild/builds/mono-x64/mcs/class/System/System.Net/WebCompletionSource.cs:111 
  at DruIDSdk.Identity.checkAndUpdateClientToken () [0x000f5] in /Users/german/Development/Genetsis/DotNet/Sdk/druid-sdk-csharp/Code & Examples/DLL/DruIDSdk/DruIDSdk/Identity.cs:150 
  at DruIDSdk.Identity.synchronizeSessionWithServer () [0x00012] in /Users/german/Development/Genetsis/DotNet/Sdk/druid-sdk-csharp/Code & Examples/DLL/DruIDSdk/DruIDSdk/Identity.cs:169 
2021-02-22 11:28:06-ERROR-DruIDSdk.Identity.checkAndUpdateClientToken-Error: ConnectFailure (The descriptor is not a socket)
2021-02-22 11:28:06-ERROR-DruIDSdk.Identity.checkAndUpdateClientToken-  at System.Net.WebConnection.Connect (System.Net.WebOperation operation, System.Threading.CancellationToken cancellationToken) [0x0025d] in /Users/builder/jenkins/workspace/build-package-osx-mono/2020-02/external/bockbuild/builds/mono-x64/mcs/class/System/System.Net/WebConnection.cs:202 
  at System.Net.WebConnection.InitConnection (System.Net.WebOperation operation, System.Threading.CancellationToken cancellationToken) [0x000cc] in /Users/builder/jenkins/workspace/build-package-osx-mono/2020-02/external/bockbuild/builds/mono-x64/mcs/class/System/System.Net/WebConnection.cs:273 
  at System.Net.WebOperation.Run () [0x00052] in /Users/builder/jenkins/workspace/build-package-osx-mono/2020-02/external/bockbuild/builds/mono-x64/mcs/class/System/System.Net/WebOperation.cs:268 
  at System.Net.WebCompletionSource`1[T].WaitForCompletion () [0x0008e] in /Users/builder/jenkins/workspace/build-package-osx-mono/2020-02/external/bockbuild/builds/mono-x64/mcs/class/System/System.Net/WebCompletionSource.cs:111 
  at DruIDSdk.OAuth.doGetClientToken (System.String endpoint_url) [0x001c3] in /Users/german/Development/Genetsis/DotNet/Sdk/druid-sdk-csharp/Code & Examples/DLL/DruIDSdk/DruIDSdk/OAuth.cs:768 
  at DruIDSdk.Identity.checkAndUpdateClientToken () [0x0003f] in /Users/german/Development/Genetsis/DotNet/Sdk/druid-sdk-csharp/Code & Examples/DLL/DruIDSdk/DruIDSdk/Identity.cs:137 
2021-02-22 11:28:06-ERROR-DruIDSdk.Identity.synchronizeSessionWithServer-Error: ConnectFailure (The descriptor is not a socket)
2021-02-22 11:28:06-ERROR-DruIDSdk.Identity.synchronizeSessionWithServer-  at System.Net.WebConnection.Connect (System.Net.WebOperation operation, System.Threading.CancellationToken cancellationToken) [0x0025d] in /Users/builder/jenkins/workspace/build-package-osx-mono/2020-02/external/bockbuild/builds/mono-x64/mcs/class/System/System.Net/WebConnection.cs:202 
  at System.Net.WebConnection.InitConnection (System.Net.WebOperation operation, System.Threading.CancellationToken cancellationToken) [0x000cc] in /Users/builder/jenkins/workspace/build-package-osx-mono/2020-02/external/bockbuild/builds/mono-x64/mcs/class/System/System.Net/WebConnection.cs:273 
  at System.Net.WebOperation.Run () [0x00052] in /Users/builder/jenkins/workspace/build-package-osx-mono/2020-02/external/bockbuild/builds/mono-x64/mcs/class/System/System.Net/WebOperation.cs:268 
  at System.Net.WebCompletionSource`1[T].WaitForCompletion () [0x0008e] in /Users/builder/jenkins/workspace/build-package-osx-mono/2020-02/external/bockbuild/builds/mono-x64/mcs/class/System/System.Net/WebCompletionSource.cs:111 
  at DruIDSdk.Identity.checkAndUpdateClientToken () [0x000f5] in /Users/german/Development/Genetsis/DotNet/Sdk/druid-sdk-csharp/Code & Examples/DLL/DruIDSdk/DruIDSdk/Identity.cs:150 
  at DruIDSdk.Identity.synchronizeSessionWithServer () [0x00012] in /Users/german/Development/Genetsis/DotNet/Sdk/druid-sdk-csharp/Code & Examples/DLL/DruIDSdk/DruIDSdk/Identity.cs:169 
2021-02-22 11:28:26-ERROR-DruIDSdk.Identity.checkAndUpdateClientToken-Error: ConnectFailure (The descriptor is not a socket)
2021-02-22 11:28:26-ERROR-DruIDSdk.Identity.checkAndUpdateClientToken-  at System.Net.WebConnection.Connect (System.Net.WebOperation operation, System.Threading.CancellationToken cancellationToken) [0x0025d] in /Users/builder/jenkins/workspace/build-package-osx-mono/2020-02/external/bockbuild/builds/mono-x64/mcs/class/System/System.Net/WebConnection.cs:202 
  at System.Net.WebConnection.InitConnection (System.Net.WebOperation operation, System.Threading.CancellationToken cancellationToken) [0x000cc] in /Users/builder/jenkins/workspace/build-package-osx-mono/2020-02/external/bockbuild/builds/mono-x64/mcs/class/System/System.Net/WebConnection.cs:273 
  at System.Net.WebOperation.Run () [0x00052] in /Users/builder/jenkins/workspace/build-package-osx-mono/2020-02/external/bockbuild/builds/mono-x64/mcs/class/System/System.Net/WebOperation.cs:268 
  at System.Net.WebCompletionSource`1[T].WaitForCompletion () [0x0008e] in /Users/builder/jenkins/workspace/build-package-osx-mono/2020-02/external/bockbuild/builds/mono-x64/mcs/class/System/System.Net/WebCompletionSource.cs:111 
  at DruIDSdk.OAuth.doGetClientToken (System.String endpoint_url) [0x001c3] in /Users/german/Development/Genetsis/DotNet/Sdk/druid-sdk-csharp/Code & Examples/DLL/DruIDSdk/DruIDSdk/OAuth.cs:768 
  at DruIDSdk.Identity.checkAndUpdateClientToken () [0x0003f] in /Users/german/Development/Genetsis/DotNet/Sdk/druid-sdk-csharp/Code & Examples/DLL/DruIDSdk/DruIDSdk/Identity.cs:137 
2021-02-22 11:28:26-ERROR-DruIDSdk.Identity.synchronizeSessionWithServer-Error: ConnectFailure (The descriptor is not a socket)
2021-02-22 11:28:26-ERROR-DruIDSdk.Identity.synchronizeSessionWithServer-  at System.Net.WebConnection.Connect (System.Net.WebOperation operation, System.Threading.CancellationToken cancellationToken) [0x0025d] in /Users/builder/jenkins/workspace/build-package-osx-mono/2020-02/external/bockbuild/builds/mono-x64/mcs/class/System/System.Net/WebConnection.cs:202 
  at System.Net.WebConnection.InitConnection (System.Net.WebOperation operation, System.Threading.CancellationToken cancellationToken) [0x000cc] in /Users/builder/jenkins/workspace/build-package-osx-mono/2020-02/external/bockbuild/builds/mono-x64/mcs/class/System/System.Net/WebConnection.cs:273 
  at System.Net.WebOperation.Run () [0x00052] in /Users/builder/jenkins/workspace/build-package-osx-mono/2020-02/external/bockbuild/builds/mono-x64/mcs/class/System/System.Net/WebOperation.cs:268 
  at System.Net.WebCompletionSource`1[T].WaitForCompletion () [0x0008e] in /Users/builder/jenkins/workspace/build-package-osx-mono/2020-02/external/bockbuild/builds/mono-x64/mcs/class/System/System.Net/WebCompletionSource.cs:111 
  at DruIDSdk.Identity.checkAndUpdateClientToken () [0x000f5] in /Users/german/Development/Genetsis/DotNet/Sdk/druid-sdk-csharp/Code & Examples/DLL/DruIDSdk/DruIDSdk/Identity.cs:150 
  at DruIDSdk.Identity.synchronizeSessionWithServer () [0x00012] in /Users/german/Development/Genetsis/DotNet/Sdk/druid-sdk-csharp/Code & Examples/DLL/DruIDSdk/DruIDSdk/Identity.cs:169 
2021-02-22 11:29:06-ERROR-DruIDSdk.Identity.checkAndUpdateClientToken-Error: ConnectFailure (The descriptor is not a socket)
2021-02-22 11:29:06-ERROR-DruIDSdk.Identity.checkAndUpdateClientToken-  at System.Net.WebConnection.Connect (System.Net.WebOperation operation, System.Threading.CancellationToken cancellationToken) [0x0025d] in /Users/builder/jenkins/workspace/build-package-osx-mono/2020-02/external/bockbuild/builds/mono-x64/mcs/class/System/System.Net/WebConnection.cs:202 
  at System.Net.WebConnection.InitConnection (System.Net.WebOperation operation, System.Threading.CancellationToken cancellationToken) [0x000cc] in /Users/builder/jenkins/workspace/build-package-osx-mono/2020-02/external/bockbuild/builds/mono-x64/mcs/class/System/System.Net/WebConnection.cs:273 
  at System.Net.WebOperation.Run () [0x00052] in /Users/builder/jenkins/workspace/build-package-osx-mono/2020-02/external/bockbuild/builds/mono-x64/mcs/class/System/System.Net/WebOperation.cs:268 
  at System.Net.WebCompletionSource`1[T].WaitForCompletion () [0x0008e] in /Users/builder/jenkins/workspace/build-package-osx-mono/2020-02/external/bockbuild/builds/mono-x64/mcs/class/System/System.Net/WebCompletionSource.cs:111 
  at DruIDSdk.OAuth.doGetClientToken (System.String endpoint_url) [0x001c3] in /Users/german/Development/Genetsis/DotNet/Sdk/druid-sdk-csharp/Code & Examples/DLL/DruIDSdk/DruIDSdk/OAuth.cs:768 
  at DruIDSdk.Identity.checkAndUpdateClientToken () [0x0003f] in /Users/german/Development/Genetsis/DotNet/Sdk/druid-sdk-csharp/Code & Examples/DLL/DruIDSdk/DruIDSdk/Identity.cs:137 
2021-02-22 11:29:06-ERROR-DruIDSdk.Identity.synchronizeSessionWithServer-Error: ConnectFailure (The descriptor is not a socket)
2021-02-22 11:29:06-ERROR-DruIDSdk.Identity.synchronizeSessionWithServer-  at System.Net.WebConnection.Connect (System.Net.WebOperation operation, System.Threading.CancellationToken cancellationToken) [0x0025d] in /Users/builder/jenkins/workspace/build-package-osx-mono/2020-02/external/bockbuild/builds/mono-x64/mcs/class/System/System.Net/WebConnection.cs:202 
  at System.Net.WebConnection.InitConnection (System.Net.WebOperation operation, System.Threading.CancellationToken cancellationToken) [0x000cc] in /Users/builder/jenkins/workspace/build-package-osx-mono/2020-02/external/bockbuild/builds/mono-x64/mcs/class/System/System.Net/WebConnection.cs:273 
  at System.Net.WebOperation.Run () [0x00052] in /Users/builder/jenkins/workspace/build-package-osx-mono/2020-02/external/bockbuild/builds/mono-x64/mcs/class/System/System.Net/WebOperation.cs:268 
  at System.Net.WebCompletionSource`1[T].WaitForCompletion () [0x0008e] in /Users/builder/jenkins/workspace/build-package-osx-mono/2020-02/external/bockbuild/builds/mono-x64/mcs/class/System/System.Net/WebCompletionSource.cs:111 
  at DruIDSdk.Identity.checkAndUpdateClientToken () [0x000f5] in /Users/german/Development/Genetsis/DotNet/Sdk/druid-sdk-csharp/Code & Examples/DLL/DruIDSdk/DruIDSdk/Identity.cs:150 
  at DruIDSdk.Identity.synchronizeSessionWithServer () [0x00012] in /Users/german/Development/Genetsis/DotNet/Sdk/druid-sdk-csharp/Code & Examples/DLL/DruIDSdk/DruIDSdk/Identity.cs:169 
2021-02-22 11:30:36-ERROR-DruIDSdk.Identity.checkAndUpdateClientToken-Error: ConnectFailure (The descriptor is not a socket)
2021-02-22 11:30:36-ERROR-DruIDSdk.Identity.checkAndUpdateClientToken-  at System.Net.WebConnection.Connect (System.Net.WebOperation operation, System.Threading.CancellationToken cancellationToken) [0x0025d] in /Users/builder/jenkins/workspace/build-package-osx-mono/2020-02/external/bockbuild/builds/mono-x64/mcs/class/System/System.Net/WebConnection.cs:202 
  at System.Net.WebConnection.InitConnection (System.Net.WebOperation operation, System.Threading.CancellationToken cancellationToken) [0x000cc] in /Users/builder/jenkins/workspace/build-package-osx-mono/2020-02/external/bockbuild/builds/mono-x64/mcs/class/System/System.Net/WebConnection.cs:273 
  at System.Net.WebOperation.Run () [0x00052] in /Users/builder/jenkins/workspace/build-package-osx-mono/2020-02/external/bockbuild/builds/mono-x64/mcs/class/System/System.Net/WebOperation.cs:268 
  at System.Net.WebCompletionSource`1[T].WaitForCompletion () [0x0008e] in /Users/builder/jenkins/workspace/build-package-osx-mono/2020-02/external/bockbuild/builds/mono-x64/mcs/class/System/System.Net/WebCompletionSource.cs:111 
  at DruIDSdk.OAuth.doGetClientToken (System.String endpoint_url) [0x001c3] in /Users/german/Development/Genetsis/DotNet/Sdk/druid-sdk-csharp/Code & Examples/DLL/DruIDSdk/DruIDSdk/OAuth.cs:768 
  at DruIDSdk.Identity.checkAndUpdateClientToken () [0x0003f] in /Users/german/Development/Genetsis/DotNet/Sdk/druid-sdk-csharp/Code & Examples/DLL/DruIDSdk/DruIDSdk/Identity.cs:137 
2021-02-22 11:30:36-ERROR-DruIDSdk.Identity.synchronizeSessionWithServer-Error: ConnectFailure (The descriptor is not a socket)
2021-02-22 11:30:36-ERROR-DruIDSdk.Identity.synchronizeSessionWithServer-  at System.Net.WebConnection.Connect (System.Net.WebOperation operation, System.Threading.CancellationToken cancellationToken) [0x0025d] in /Users/builder/jenkins/workspace/build-package-osx-mono/2020-02/external/bockbuild/builds/mono-x64/mcs/class/System/System.Net/WebConnection.cs:202 
  at System.Net.WebConnection.InitConnection (System.Net.WebOperation operation, System.Threading.CancellationToken cancellationToken) [0x000cc] in /Users/builder/jenkins/workspace/build-package-osx-mono/2020-02/external/bockbuild/builds/mono-x64/mcs/class/System/System.Net/WebConnection.cs:273 
  at System.Net.WebOperation.Run () [0x00052] in /Users/builder/jenkins/workspace/build-package-osx-mono/2020-02/external/bockbuild/builds/mono-x64/mcs/class/System/System.Net/WebOperation.cs:268 
  at System.Net.WebCompletionSource`1[T].WaitForCompletion () [0x0008e] in /Users/builder/jenkins/workspace/build-package-osx-mono/2020-02/external/bockbuild/builds/mono-x64/mcs/class/System/System.Net/WebCompletionSource.cs:111 
  at DruIDSdk.Identity.checkAndUpdateClientToken () [0x000f5] in /Users/german/Development/Genetsis/DotNet/Sdk/druid-sdk-csharp/Code & Examples/DLL/DruIDSdk/DruIDSdk/Identity.cs:150 
  at DruIDSdk.Identity.synchronizeSessionWithServer () [0x00012] in /Users/german/Development/Genetsis/DotNet/Sdk/druid-sdk-csharp/Code & Examples/DLL/DruIDSdk/DruIDSdk/Identity.cs:169 
2021-02-22 11:58:17-ERROR-DruIDSdk.Identity..ctor-The config file is not found or can?t be readable
2021-02-22 11:58:17-ERROR-DruIDSdk.Identity..ctor-  at DruIDSdk.OAuthConfigParser.newloadFromFile (System.String environment, System.String pathConfigFolder) [0x0004b] in /Users/german/Development/Genetsis/DotNet/Sdk/druid-sdk-csharp/Code & Examples/DLL/DruIDSdk/DruIDSdk/OAuthConfigParser.cs:26 
  at DruIDSdk.Identity..ctor (System.String configPath) [0x00065] in /Users/german/Development/Genetsis/DotNet/Sdk/druid-sdk-csharp/Code & Examples/DLL/DruIDSdk/DruIDSdk/Identity.cs:44 
